Determining if the Q_WS_WIN exist failed with the following output:
Change Dir: /home/quark/Yandex.Disk/YaDisk/qwebdav-HEAD-41b99aa/build/CMakeFiles/CMakeTmp

Run Build Command:/usr/bin/make "cmTryCompileExec2442355276/fast"
/usr/bin/make -f CMakeFiles/cmTryCompileExec2442355276.dir/build.make CMakeFiles/cmTryCompileExec2442355276.dir/build
make[1]: Entering directory '/home/quark/Yandex.Disk/YaDisk/qwebdav-HEAD-41b99aa/build/CMakeFiles/CMakeTmp'
/usr/bin/cmake -E cmake_progress_report /home/quark/Yandex.Disk/YaDisk/qwebdav-HEAD-41b99aa/build/CMakeFiles/CMakeTmp/CMakeFiles 1
Building CXX object CMakeFiles/cmTryCompileExec2442355276.dir/CheckSymbolExists.cxx.o
/usr/bin/c++    -I/usr/include/qt4    -o CMakeFiles/cmTryCompileExec2442355276.dir/CheckSymbolExists.cxx.o -c /home/quark/Yandex.Disk/YaDisk/qwebdav-HEAD-41b99aa/build/CMakeFiles/CMakeTmp/CheckSymbolExists.cxx
/home/quark/Yandex.Disk/YaDisk/qwebdav-HEAD-41b99aa/build/CMakeFiles/CMakeTmp/CheckSymbolExists.cxx: In function 'int main(int, char**)':
/home/quark/Yandex.Disk/YaDisk/qwebdav-HEAD-41b99aa/build/CMakeFiles/CMakeTmp/CheckSymbolExists.cxx:8:19: error: 'Q_WS_WIN' was not declared in this scope
   return ((int*)(&Q_WS_WIN))[argc];
                   ^
CMakeFiles/cmTryCompileExec2442355276.dir/build.make:60: recipe for target 'CMakeFiles/cmTryCompileExec2442355276.dir/CheckSymbolExists.cxx.o' failed
make[1]: Leaving directory '/home/quark/Yandex.Disk/YaDisk/qwebdav-HEAD-41b99aa/build/CMakeFiles/CMakeTmp'
make[1]: *** [CMakeFiles/cmTryCompileExec2442355276.dir/CheckSymbolExists.cxx.o] Error 1
Makefile:117: recipe for target 'cmTryCompileExec2442355276/fast' failed
make: *** [cmTryCompileExec2442355276/fast] Error 2

File /home/quark/Yandex.Disk/YaDisk/qwebdav-HEAD-41b99aa/build/CMakeFiles/CMakeTmp/CheckSymbolExists.cxx:
/* */
#include <QtCore/qglobal.h>

int main(int argc, char** argv)
{
  (void)argv;
#ifndef Q_WS_WIN
  return ((int*)(&Q_WS_WIN))[argc];
#else
  (void)argc;
  return 0;
#endif
}

Determining if the Q_WS_QWS exist failed with the following output:
Change Dir: /home/quark/Yandex.Disk/YaDisk/qwebdav-HEAD-41b99aa/build/CMakeFiles/CMakeTmp

Run Build Command:/usr/bin/make "cmTryCompileExec2758034688/fast"
/usr/bin/make -f CMakeFiles/cmTryCompileExec2758034688.dir/build.make CMakeFiles/cmTryCompileExec2758034688.dir/build
make[1]: Entering directory '/home/quark/Yandex.Disk/YaDisk/qwebdav-HEAD-41b99aa/build/CMakeFiles/CMakeTmp'
/usr/bin/cmake -E cmake_progress_report /home/quark/Yandex.Disk/YaDisk/qwebdav-HEAD-41b99aa/build/CMakeFiles/CMakeTmp/CMakeFiles 1
Building CXX object CMakeFiles/cmTryCompileExec2758034688.dir/CheckSymbolExists.cxx.o
/usr/bin/c++    -I/usr/include/qt4    -o CMakeFiles/cmTryCompileExec2758034688.dir/CheckSymbolExists.cxx.o -c /home/quark/Yandex.Disk/YaDisk/qwebdav-HEAD-41b99aa/build/CMakeFiles/CMakeTmp/CheckSymbolExists.cxx
/home/quark/Yandex.Disk/YaDisk/qwebdav-HEAD-41b99aa/build/CMakeFiles/CMakeTmp/CheckSymbolExists.cxx: In function 'int main(int, char**)':
/home/quark/Yandex.Disk/YaDisk/qwebdav-HEAD-41b99aa/build/CMakeFiles/CMakeTmp/CheckSymbolExists.cxx:8:19: error: 'Q_WS_QWS' was not declared in this scope
   return ((int*)(&Q_WS_QWS))[argc];
                   ^
CMakeFiles/cmTryCompileExec2758034688.dir/build.make:60: recipe for target 'CMakeFiles/cmTryCompileExec2758034688.dir/CheckSymbolExists.cxx.o' failed
make[1]: Leaving directory '/home/quark/Yandex.Disk/YaDisk/qwebdav-HEAD-41b99aa/build/CMakeFiles/CMakeTmp'
make[1]: *** [CMakeFiles/cmTryCompileExec2758034688.dir/CheckSymbolExists.cxx.o] Error 1
Makefile:117: recipe for target 'cmTryCompileExec2758034688/fast' failed
make: *** [cmTryCompileExec2758034688/fast] Error 2

File /home/quark/Yandex.Disk/YaDisk/qwebdav-HEAD-41b99aa/build/CMakeFiles/CMakeTmp/CheckSymbolExists.cxx:
/* */
#include <QtCore/qglobal.h>

int main(int argc, char** argv)
{
  (void)argv;
#ifndef Q_WS_QWS
  return ((int*)(&Q_WS_QWS))[argc];
#else
  (void)argc;
  return 0;
#endif
}

Determining if the Q_WS_MAC exist failed with the following output:
Change Dir: /home/quark/Yandex.Disk/YaDisk/qwebdav-HEAD-41b99aa/build/CMakeFiles/CMakeTmp

Run Build Command:/usr/bin/make "cmTryCompileExec3848957122/fast"
/usr/bin/make -f CMakeFiles/cmTryCompileExec3848957122.dir/build.make CMakeFiles/cmTryCompileExec3848957122.dir/build
make[1]: Entering directory '/home/quark/Yandex.Disk/YaDisk/qwebdav-HEAD-41b99aa/build/CMakeFiles/CMakeTmp'
/usr/bin/cmake -E cmake_progress_report /home/quark/Yandex.Disk/YaDisk/qwebdav-HEAD-41b99aa/build/CMakeFiles/CMakeTmp/CMakeFiles 1
Building CXX object CMakeFiles/cmTryCompileExec3848957122.dir/CheckSymbolExists.cxx.o
/usr/bin/c++    -I/usr/include/qt4    -o CMakeFiles/cmTryCompileExec3848957122.dir/CheckSymbolExists.cxx.o -c /home/quark/Yandex.Disk/YaDisk/qwebdav-HEAD-41b99aa/build/CMakeFiles/CMakeTmp/CheckSymbolExists.cxx
/home/quark/Yandex.Disk/YaDisk/qwebdav-HEAD-41b99aa/build/CMakeFiles/CMakeTmp/CheckSymbolExists.cxx: In function 'int main(int, char**)':
/home/quark/Yandex.Disk/YaDisk/qwebdav-HEAD-41b99aa/build/CMakeFiles/CMakeTmp/CheckSymbolExists.cxx:8:19: error: 'Q_WS_MAC' was not declared in this scope
   return ((int*)(&Q_WS_MAC))[argc];
                   ^
CMakeFiles/cmTryCompileExec3848957122.dir/build.make:60: recipe for target 'CMakeFiles/cmTryCompileExec3848957122.dir/CheckSymbolExists.cxx.o' failed
make[1]: Leaving directory '/home/quark/Yandex.Disk/YaDisk/qwebdav-HEAD-41b99aa/build/CMakeFiles/CMakeTmp'
make[1]: *** [CMakeFiles/cmTryCompileExec3848957122.dir/CheckSymbolExists.cxx.o] Error 1
Makefile:117: recipe for target 'cmTryCompileExec3848957122/fast' failed
make: *** [cmTryCompileExec3848957122/fast] Error 2

File /home/quark/Yandex.Disk/YaDisk/qwebdav-HEAD-41b99aa/build/CMakeFiles/CMakeTmp/CheckSymbolExists.cxx:
/* */
#include <QtCore/qglobal.h>

int main(int argc, char** argv)
{
  (void)argv;
#ifndef Q_WS_MAC
  return ((int*)(&Q_WS_MAC))[argc];
#else
  (void)argc;
  return 0;
#endif
}

